============================================================
Preflight Release Build
Started: Wed 04/22/2026 22:33:01.12
Folder : \\SIDSCRI-grab\Users\Sidscri\Documents\GitHub\AdvancedFlashcards
Log    : \\SIDSCRI-grab\Users\Sidscri\Documents\GitHub\AdvancedFlashcards\logs\preflight_release_20260422_223300.log
============================================================
[PROGRESS] 0% - Starting...
[PROGRESS] 5% - STEP 0/5: Sanity checks (gradlew, wrapper props)

------------------------------------------------------------
[Wed 04/22/2026 22:33:01.40] Wrapper properties
CMD: type gradle\wrapper\gradle-wrapper.properties
------------------------------------------------------------
distributionBase=GRADLE_USER_HOME
distributionPath=wrapper/dists
distributionUrl=https\://services.gradle.org/distributions/gradle-8.7-bin.zip
networkTimeout=10000
validateDistributionUrl=true
zipStoreBase=GRADLE_USER_HOME
zipStorePath=wrapper/dists
[PROGRESS] 20% - STEP 1/5: Verify Gradle wrapper JAR exists

[WARN] gradle-wrapper.jar is missing: \\SIDSCRI-grab\Users\Sidscri\Documents\GitHub\AdvancedFlashcards\gradle\wrapper\gradle-wrapper.jar
This causes: Could not find or load main class org.gradle.wrapper.GradleWrapperMain
[PROGRESS] 25% - Attempting to repair wrapper jar (download Gradle dist, extract wrapper jar)
distributionUrl=https/://services.gradle.org/distributions/gradle-8.7-bin.zip
Downloading Gradle dist to: C:\Users\Sidsc\AppData\Local\Temp\gradle_wrapper_fix_20260422_223300\gradle.zip
Exception calling "DownloadFile" with "2" argument(s): "The given path's format is not supported."
[ERROR] Failed to download Gradle distribution.
